SF:lib/src/models/position_data.dart
DA:10,3
DA:13,0
DA:14,0
DA:18,0
DA:19,0
DA:23,0
DA:24,0
DA:27,0
DA:28,0
DA:30,1
DA:33,0
DA:34,0
DA:35,0
DA:36,0
DA:38,0
DA:39,0
LF:16
LH:2
end_of_record
SF:lib/src/models/bounds_data.dart
DA:16,4
DA:19,4
DA:22,4
DA:25,0
DA:29,0
DA:31,0
LF:6
LH:3
end_of_record
SF:lib/src/models/roadmap_node.dart
DA:31,2
DA:43,1
DA:44,1
DA:45,1
DA:46,1
DA:47,1
DA:48,1
DA:49,2
DA:50,2
DA:51,1
DA:52,2
DA:54,1
DA:65,1
DA:68,1
DA:69,0
DA:70,1
DA:71,1
DA:72,1
DA:74,1
DA:76,0
DA:85,1
DA:86,1
DA:87,1
DA:88,1
DA:89,1
DA:90,2
DA:91,2
DA:93,1
DA:98,1
DA:99,1
DA:100,2
DA:101,2
DA:102,2
DA:103,2
DA:104,2
DA:105,2
DA:106,3
DA:107,1
DA:112,0
DA:122,0
DA:123,0
DA:124,0
DA:125,0
DA:126,0
DA:127,0
DA:128,0
DA:129,0
DA:130,0
DA:134,0
DA:137,0
DA:138,0
DA:139,0
DA:141,0
DA:142,0
DA:144,0
DA:146,0
LF:56
LH:36
end_of_record
SF:lib/src/models/progress_status.dart
DA:16,1
DA:17,1
DA:18,1
DA:19,1
DA:20,1
DA:22,1
DA:23,1
DA:24,1
DA:26,1
DA:27,1
DA:29,1
DA:37,1
DA:39,1
DA:41,1
DA:43,1
DA:45,0
DA:51,0
DA:53,0
DA:55,0
DA:57,0
DA:59,0
DA:65,0
DA:68,0
DA:71,0
DA:74,0
LF:25
LH:15
end_of_record
SF:lib/src/models/roadmap_node_style.dart
DA:9,1
DA:57,0
DA:69,0
DA:70,0
DA:71,0
DA:72,0
DA:73,0
DA:74,0
DA:75,0
DA:76,0
DA:77,0
DA:78,0
DA:79,0
DA:84,0
DA:85,0
DA:86,0
DA:87,0
DA:88,0
DA:97,0
DA:103,0
DA:106,0
DA:109,0
DA:110,0
DA:111,0
DA:120,0
DA:126,0
DA:129,0
DA:132,0
DA:133,0
DA:134,0
LF:30
LH:1
end_of_record
SF:lib/src/models/roadmap_theme.dart
DA:9,3
DA:52,0
DA:63,0
DA:64,0
DA:65,0
DA:66,0
DA:67,0
DA:68,0
DA:69,0
DA:70,0
DA:71,0
DA:72,0
DA:80,0
DA:92,0
DA:103,0
LF:15
LH:1
end_of_record
SF:lib/src/layout/parent_aware_layout_engine.dart
DA:13,2
DA:21,2
DA:22,2
DA:25,4
DA:26,10
DA:29,2
DA:32,4
DA:33,2
DA:34,2
DA:36,6
DA:37,2
DA:39,4
DA:42,4
DA:43,4
DA:44,6
DA:46,4
DA:47,4
DA:48,6
DA:53,2
DA:54,6
DA:55,8
DA:56,2
DA:58,2
DA:59,8
DA:60,0
DA:62,4
DA:63,6
DA:65,2
DA:66,6
DA:67,8
DA:68,2
DA:70,2
DA:71,6
DA:72,0
DA:74,4
DA:75,6
DA:81,2
DA:95,2
DA:106,2
DA:107,4
DA:108,4
DA:110,6
DA:111,10
DA:114,4
DA:115,4
DA:116,0
DA:117,0
DA:118,0
DA:119,0
DA:120,0
DA:121,0
DA:122,0
DA:127,8
DA:128,2
DA:129,2
DA:130,4
DA:131,0
DA:132,0
DA:133,0
DA:134,0
DA:135,0
DA:136,0
DA:137,0
DA:138,0
DA:143,2
DA:144,4
DA:145,4
DA:147,6
DA:148,10
DA:151,4
DA:152,4
DA:153,3
DA:154,3
DA:155,3
DA:156,1
DA:157,1
DA:158,4
DA:159,3
DA:164,8
DA:165,8
DA:166,2
DA:167,5
DA:168,2
DA:169,1
DA:170,1
DA:171,1
DA:172,3
DA:173,1
DA:174,0
DA:175,0
LF:90
LH:71
end_of_record
SF:lib/src/layout/roadmap_layout_utils.dart
DA:8,2
DA:13,2
DA:20,4
DA:21,6
DA:22,6
DA:23,6
DA:24,6
DA:27,6
DA:31,1
DA:37,1
DA:38,1
DA:39,1
DA:43,1
DA:49,5
DA:50,5
DA:52,1
DA:53,1
DA:54,3
DA:55,3
DA:56,3
DA:62,2
DA:67,2
DA:68,10
DA:69,2
DA:71,4
DA:75,2
DA:76,1
DA:80,1
DA:81,2
DA:82,2
DA:83,2
DA:91,1
DA:96,0
DA:101,0
DA:103,0
LF:35
LH:32
end_of_record
SF:lib/src/painters/background_painter.dart
DA:9,1
DA:24,1
DA:26,3
DA:28,1
DA:30,2
DA:32,0
DA:33,2
DA:35,0
DA:38,1
DA:47,1
DA:50,1
DA:53,0
DA:55,0
LF:13
LH:9
end_of_record
SF:lib/src/painters/edge_painter.dart
DA:11,1
DA:42,1
DA:45,3
DA:46,2
DA:48,1
DA:49,1
DA:50,1
DA:51,1
DA:52,1
DA:54,4
DA:55,2
DA:56,2
DA:58,2
DA:59,3
DA:62,2
DA:63,2
DA:67,1
DA:68,1
DA:70,2
DA:71,1
DA:72,1
DA:79,7
DA:81,7
DA:82,5
DA:83,5
DA:85,2
DA:88,1
DA:90,1
DA:93,1
DA:98,1
DA:107,3
DA:109,3
DA:111,1
DA:114,0
DA:116,0
DA:117,0
DA:121,1
DA:130,3
DA:132,1
DA:133,1
DA:134,1
DA:136,3
DA:138,1
DA:139,1
DA:140,1
DA:144,0
DA:146,0
DA:147,0
DA:148,0
DA:149,0
DA:150,0
LF:51
LH:42
end_of_record
SF:lib/src/utils/roadmap_color_utils.dart
DA:10,1
DA:13,1
DA:14,0
DA:15,1
DA:16,0
DA:17,1
DA:18,0
DA:19,0
DA:20,0
DA:25,1
DA:26,1
DA:30,1
DA:32,1
DA:33,0
DA:36,1
DA:37,2
DA:38,2
DA:39,2
DA:40,1
DA:41,2
DA:43,3
DA:47,1
DA:49,1
DA:50,0
DA:53,1
DA:54,1
DA:55,1
DA:56,1
DA:57,1
DA:58,1
DA:60,3
LF:31
LH:24
end_of_record
SF:lib/src/widgets/roadmap_node_widget.dart
DA:10,1
DA:35,1
DA:37,1
DA:39,1
DA:40,0
DA:41,1
DA:42,0
DA:43,0
DA:45,4
DA:46,1
DA:48,0
DA:49,1
DA:51,1
DA:52,1
DA:53,1
DA:54,1
DA:57,2
DA:58,1
DA:59,1
DA:61,1
DA:63,1
DA:64,1
DA:65,1
DA:66,1
DA:73,1
DA:74,1
DA:75,1
DA:76,1
DA:80,1
DA:90,1
DA:91,0
DA:94,1
DA:95,4
DA:96,0
DA:97,0
DA:98,0
DA:100,2
DA:103,0
DA:104,0
DA:106,0
DA:107,0
LF:41
LH:29
end_of_record
SF:lib/src/widgets/roadmap_fit_button.dart
DA:6,1
DA:18,1
DA:20,1
DA:23,1
DA:24,1
DA:25,1
LF:6
LH:6
end_of_record
SF:lib/src/widgets/roadmap_viewer.dart
DA:59,1
DA:173,1
DA:174,1
DA:180,1
DA:182,1
DA:183,2
DA:186,1
DA:188,2
DA:189,1
DA:192,1
DA:194,3
DA:195,1
DA:196,2
DA:197,2
DA:204,1
DA:205,1
DA:206,2
DA:207,2
DA:208,2
DA:209,2
DA:210,2
DA:211,2
DA:214,1
DA:216,2
DA:217,2
DA:220,5
DA:221,5
DA:223,1
DA:224,3
DA:225,3
DA:227,1
DA:234,1
DA:236,2
DA:239,2
DA:240,1
DA:241,4
DA:242,1
DA:243,1
DA:245,1
DA:246,2
DA:247,2
DA:248,1
DA:249,1
DA:250,1
DA:251,1
DA:254,1
DA:257,2
DA:258,2
DA:259,3
DA:260,2
DA:261,1
DA:262,1
DA:263,1
DA:264,1
DA:265,2
DA:266,2
DA:267,2
DA:269,1
DA:271,1
DA:272,1
DA:273,2
DA:275,2
DA:276,2
DA:277,2
DA:278,2
DA:279,2
DA:281,1
DA:283,3
DA:285,7
DA:286,1
DA:288,1
DA:296,1
DA:297,1
DA:298,1
DA:299,1
DA:305,2
DA:306,1
DA:307,0
DA:308,2
DA:315,1
DA:317,2
DA:318,0
DA:319,0
DA:320,0
DA:321,0
DA:329,2
DA:332,2
DA:334,1
DA:335,2
DA:336,2
DA:337,1
DA:338,1
DA:340,2
DA:342,1
DA:343,1
DA:345,2
DA:350,3
DA:351,0
DA:354,1
DA:358,2
DA:359,2
DA:363,0
DA:364,0
DA:365,0
DA:368,0
DA:369,0
DA:372,0
DA:373,0
DA:375,0
DA:376,0
DA:377,0
LF:111
LH:95
end_of_record
